2025-08-19 03:08:26 INFO  [org.springframework.kafka.KafkaListenerEndpointContainer#0-0-C-1] o.apache.kafka.clients.NetworkClient - [Consumer clientId=consumer-ws-forwarder-1, groupId=ws-forwarder] Node 0 disconnected.
2025-08-19 03:08:26 INFO  [org.springframework.kafka.KafkaListenerEndpointContainer#0-0-C-1] o.apache.kafka.clients.NetworkClient - [Consumer clientId=consumer-ws-forwarder-1, groupId=ws-forwarder] Cancelled in-flight FETCH request with correlation id 41492 due to node 0 being disconnected (elapsed time since creation: 16314334ms, elapsed time since send: 16314334ms, throttle time: 0ms, request timeout: 30000ms)
2025-08-19 03:08:26 INFO  [kafka-coordinator-heartbeat-thread | ws-forwarder] o.a.k.c.c.i.ConsumerCoordinator - [Consumer clientId=consumer-ws-forwarder-1, groupId=ws-forwarder] Group coordinator 172.20.153.165:9092 (id: 2147483647 rack: null) is unavailable or invalid due to cause: session timed out without receiving a heartbeat response. isDisconnected: false. Rediscovery will be attempted.
2025-08-19 03:08:26 INFO  [kafka-coordinator-heartbeat-thread | ws-forwarder] o.a.k.c.c.i.ConsumerCoordinator - [Consumer clientId=consumer-ws-forwarder-1, groupId=ws-forwarder] Requesting disconnect from last known coordinator 172.20.153.165:9092 (id: 2147483647 rack: null)
2025-08-19 03:08:26 INFO  [org.springframework.kafka.KafkaListenerEndpointContainer#0-0-C-1] o.a.k.clients.FetchSessionHandler - [Consumer clientId=consumer-ws-forwarder-1, groupId=ws-forwarder] Error sending fetch request (sessionId=1478463397, epoch=6092) to node 0:
org.apache.kafka.common.errors.DisconnectException: null
2025-08-19 03:08:26 INFO  [org.springframework.kafka.KafkaListenerEndpointContainer#0-0-C-1] o.a.k.c.c.i.ConsumerCoordinator - [Consumer clientId=consumer-ws-forwarder-1, groupId=ws-forwarder] Discovered group coordinator 172.20.153.165:9092 (id: 2147483647 rack: null)
2025-08-19 03:08:30 INFO  [MessageBroker-11] o.s.w.s.c.WebSocketMessageBrokerStats - WebSocketSession[0 current WS(0)-HttpStream(0)-HttpPoll(0), 20 total, 0 closed abnormally (0 connect failure, 0 send limit, 2 transport error)], stompSubProtocol[processed CONNECT(20)-CONNECTED(20)-DISCONNECT(16)], stompBrokerRelay[null], inboundChannel[pool size = 3, active threads = 0, queued tasks = 0, completed tasks = 348], outboundChannel[pool size = 1, active threads = 0, queued tasks = 0, completed tasks = 97], sockJsScheduler[pool size = 12, active threads = 2, queued tasks = 0, completed tasks = 6244]
2025-08-19 03:08:31 WARN  [HikariPool-1:housekeeper] com.zaxxer.hikari.pool.HikariPool - HikariPool-1 - Thread starvation or clock leap detected (housekeeper delta=4h32m16s697ms78µs900ns).
2025-08-19 08:44:00 INFO  [org.springframework.kafka.KafkaListenerEndpointContainer#0-0-C-1] o.apache.kafka.clients.NetworkClient - [Consumer clientId=consumer-ws-forwarder-1, groupId=ws-forwarder] Cancelled in-flight FETCH request with correlation id 41531 due to node 0 being disconnected (elapsed time since creation: 20119656ms, elapsed time since send: 20119656ms, throttle time: 0ms, request timeout: 30000ms)
2025-08-19 08:44:00 INFO  [org.springframework.kafka.KafkaListenerEndpointContainer#0-0-C-1] o.apache.kafka.clients.NetworkClient - [Consumer clientId=consumer-ws-forwarder-1, groupId=ws-forwarder] Node 2147483647 disconnected.
2025-08-19 08:44:00 INFO  [org.springframework.kafka.KafkaListenerEndpointContainer#0-0-C-1] o.a.k.clients.FetchSessionHandler - [Consumer clientId=consumer-ws-forwarder-1, groupId=ws-forwarder] Error sending fetch request (sessionId=1764894836, epoch=28) to node 0:
org.apache.kafka.common.errors.DisconnectException: null
2025-08-19 08:44:00 INFO  [org.springframework.kafka.KafkaListenerEndpointContainer#0-0-C-1] o.a.k.c.c.i.ConsumerCoordinator - [Consumer clientId=consumer-ws-forwarder-1, groupId=ws-forwarder] Group coordinator 172.20.153.165:9092 (id: 2147483647 rack: null) is unavailable or invalid due to cause: coordinator unavailable. isDisconnected: true. Rediscovery will be attempted.
2025-08-19 08:44:01 INFO  [MessageBroker-3] o.s.w.s.c.WebSocketMessageBrokerStats - WebSocketSession[0 current WS(0)-HttpStream(0)-HttpPoll(0), 20 total, 0 closed abnormally (0 connect failure, 0 send limit, 2 transport error)], stompSubProtocol[processed CONNECT(20)-CONNECTED(20)-DISCONNECT(16)], stompBrokerRelay[null], inboundChannel[pool size = 3, active threads = 0, queued tasks = 0, completed tasks = 348], outboundChannel[pool size = 1, active threads = 0, queued tasks = 0, completed tasks = 97], sockJsScheduler[pool size = 12, active threads = 1, queued tasks = 1, completed tasks = 9842]
2025-08-19 08:44:08 INFO  [org.springframework.kafka.KafkaListenerEndpointContainer#0-0-C-1] o.apache.kafka.clients.NetworkClient - [Consumer clientId=consumer-ws-forwarder-1, groupId=ws-forwarder] Disconnecting from node 0 due to socket connection setup timeout. The timeout value is 8104 ms.
2025-08-19 08:44:08 INFO  [org.springframework.kafka.KafkaListenerEndpointContainer#0-0-C-1] o.a.k.clients.FetchSessionHandler - [Consumer clientId=consumer-ws-forwarder-1, groupId=ws-forwarder] Error sending fetch request (sessionId=1764894836, epoch=INITIAL) to node 0:
org.apache.kafka.common.errors.DisconnectException: null
2025-08-19 08:44:08 INFO  [org.springframework.kafka.KafkaListenerEndpointContainer#0-0-C-1] o.a.k.c.c.i.ConsumerCoordinator - [Consumer clientId=consumer-ws-forwarder-1, groupId=ws-forwarder] Discovered group coordinator 172.20.153.165:9092 (id: 2147483647 rack: null)
2025-08-19 08:44:21 WARN  [HikariPool-1:housekeeper] com.zaxxer.hikari.pool.HikariPool - HikariPool-1 - Thread starvation or clock leap detected (housekeeper delta=5h35m49s574ms136µs).
2025-08-19 08:50:19 INFO  [clientInboundChannel-325] o.e.s.controller.WsInitController - Received the request to retrieve the motor notifications snapshot
2025-08-19 08:50:20 INFO  [clientInboundChannel-325] o.e.s.service.RedisCacheService - motor data {motorNotifications=[{alertType=VERY_HIGH_VIBRATION, motorId=MTR-03, sensorType=VIBRATION_SENSOR, value=11.0, timestamp=2025-08-18T14:23:57Z}, {alertType=VERY_HIGH_VIBRATION, motorId=MTR-01, sensorType=VIBRATION_SENSOR, value=11.0, timestamp=2025-08-18T12:37:11Z}, {alertType=VERY_HIGH_VIBRATION, motorId=MTR-04, sensorType=VIBRATION_SENSOR, value=10.0, timestamp=2025-08-18T12:25:00Z}, {alertType=VERY_HIGH_VIBRATION, motorId=MTR-05, sensorType=VIBRATION_SENSOR, value=10.0, timestamp=2025-08-18T12:21:06Z}, {alertType=VERY_HIGH_TEMPERATURE, motorId=MTR-02, sensorType=TEMPERATURE_SENSOR, value=210.0, timestamp=2025-08-17T05:39:17.264Z}, {alertType=HIGH_VIBRATION, motorId=MTR-02, sensorType=VIBRATION_SENSOR, value=3.5, timestamp=2025-08-17T05:39:17.264Z}]}
2025-08-19 09:07:13 INFO  [kafka-coordinator-heartbeat-thread | ws-forwarder] o.a.k.c.c.i.ConsumerCoordinator - [Consumer clientId=consumer-ws-forwarder-1, groupId=ws-forwarder] Group coordinator 172.20.153.165:9092 (id: 2147483647 rack: null) is unavailable or invalid due to cause: coordinator unavailable. isDisconnected: true. Rediscovery will be attempted.
2025-08-19 09:07:14 INFO  [org.springframework.kafka.KafkaListenerEndpointContainer#0-0-C-1] o.a.k.c.c.i.ConsumerCoordinator - [Consumer clientId=consumer-ws-forwarder-1, groupId=ws-forwarder] Discovered group coordinator 172.20.153.165:9092 (id: 2147483647 rack: null)
2025-08-19 09:07:16 INFO  [clientInboundChannel-340] o.e.s.controller.WsInitController - Received the request to retrieve the motor notifications snapshot
2025-08-19 09:07:16 INFO  [clientInboundChannel-340] o.e.s.service.RedisCacheService - motor data {motorNotifications=[{alertType=VERY_HIGH_VIBRATION, motorId=MTR-03, sensorType=VIBRATION_SENSOR, value=11.0, timestamp=2025-08-18T14:23:57Z}, {alertType=VERY_HIGH_VIBRATION, motorId=MTR-01, sensorType=VIBRATION_SENSOR, value=11.0, timestamp=2025-08-18T12:37:11Z}, {alertType=VERY_HIGH_VIBRATION, motorId=MTR-04, sensorType=VIBRATION_SENSOR, value=10.0, timestamp=2025-08-18T12:25:00Z}, {alertType=VERY_HIGH_VIBRATION, motorId=MTR-05, sensorType=VIBRATION_SENSOR, value=10.0, timestamp=2025-08-18T12:21:06Z}, {alertType=VERY_HIGH_TEMPERATURE, motorId=MTR-02, sensorType=TEMPERATURE_SENSOR, value=210.0, timestamp=2025-08-17T05:39:17.264Z}, {alertType=HIGH_VIBRATION, motorId=MTR-02, sensorType=VIBRATION_SENSOR, value=3.5, timestamp=2025-08-17T05:39:17.264Z}]}
2025-08-19 09:07:23 WARN  [HikariPool-1:housekeeper] com.zaxxer.hikari.pool.HikariPool - HikariPool-1 - Thread starvation or clock leap detected (housekeeper delta=10m2s424ms577µs500ns).
2025-08-19 09:08:12 INFO  [org.springframework.kafka.KafkaListenerEndpointContainer#0-0-C-1] o.e.s.c.KafkaListenerWebSockerPublisher - Received motor notification from kafka: MotorNotification(id=null, motorId=MTR-03, timestamp=2025-08-19T01:08:10Z, sensorType=VIBRATION_SENSOR, alertType=VERY_HIGH_VIBRATION, value=11.0)
2025-08-19 09:08:12 INFO  [org.springframework.kafka.KafkaListenerEndpointContainer#0-0-C-1] o.e.s.service.RedisCacheService - Hash value serialize: class org.springframework.data.redis.serializer.GenericJackson2JsonRedisSerializer
2025-08-19 09:08:12 INFO  [org.springframework.kafka.KafkaListenerEndpointContainer#0-0-C-1] o.e.s.service.RedisCacheService - The motor data to be upserted {alertType=VERY_HIGH_VIBRATION, motorId=MTR-03, sensorType=VIBRATION_SENSOR, value=11.0, timestamp=2025-08-19T01:08:10Z}
2025-08-19 09:08:12 INFO  [org.springframework.kafka.KafkaListenerEndpointContainer#0-0-C-1] o.e.s.service.RedisCacheService - motor data {motorNotifications=[{alertType=VERY_HIGH_VIBRATION, motorId=MTR-03, sensorType=VIBRATION_SENSOR, value=11.0, timestamp=2025-08-19T01:08:10Z}, {alertType=VERY_HIGH_VIBRATION, motorId=MTR-01, sensorType=VIBRATION_SENSOR, value=11.0, timestamp=2025-08-18T12:37:11Z}, {alertType=VERY_HIGH_VIBRATION, motorId=MTR-04, sensorType=VIBRATION_SENSOR, value=10.0, timestamp=2025-08-18T12:25:00Z}, {alertType=VERY_HIGH_VIBRATION, motorId=MTR-05, sensorType=VIBRATION_SENSOR, value=10.0, timestamp=2025-08-18T12:21:06Z}, {alertType=VERY_HIGH_TEMPERATURE, motorId=MTR-02, sensorType=TEMPERATURE_SENSOR, value=210.0, timestamp=2025-08-17T05:39:17.264Z}, {alertType=HIGH_VIBRATION, motorId=MTR-02, sensorType=VIBRATION_SENSOR, value=3.5, timestamp=2025-08-17T05:39:17.264Z}]}
2025-08-19 09:08:12 INFO  [org.springframework.kafka.KafkaListenerEndpointContainer#0-0-C-1] o.e.s.c.KafkaListenerWebSockerPublisher - Received motor notification from kafka: MotorNotification(id=null, motorId=MTR-03, timestamp=2025-08-19T01:08:10Z, sensorType=TEMPERATURE_SENSOR, alertType=HIGH_TEMPERATURE, value=109.0)
2025-08-19 09:08:12 INFO  [org.springframework.kafka.KafkaListenerEndpointContainer#0-0-C-1] o.e.s.service.RedisCacheService - Hash value serialize: class org.springframework.data.redis.serializer.GenericJackson2JsonRedisSerializer
2025-08-19 09:08:12 INFO  [org.springframework.kafka.KafkaListenerEndpointContainer#0-0-C-1] o.e.s.service.RedisCacheService - The motor data to be upserted {alertType=HIGH_TEMPERATURE, motorId=MTR-03, sensorType=TEMPERATURE_SENSOR, value=109.0, timestamp=2025-08-19T01:08:10Z}
2025-08-19 09:08:12 INFO  [org.springframework.kafka.KafkaListenerEndpointContainer#0-0-C-1] o.e.s.service.RedisCacheService - motor data {motorNotifications=[{alertType=VERY_HIGH_VIBRATION, motorId=MTR-03, sensorType=VIBRATION_SENSOR, value=11.0, timestamp=2025-08-19T01:08:10Z}, {alertType=HIGH_TEMPERATURE, motorId=MTR-03, sensorType=TEMPERATURE_SENSOR, value=109.0, timestamp=2025-08-19T01:08:10Z}, {alertType=VERY_HIGH_VIBRATION, motorId=MTR-01, sensorType=VIBRATION_SENSOR, value=11.0, timestamp=2025-08-18T12:37:11Z}, {alertType=VERY_HIGH_VIBRATION, motorId=MTR-04, sensorType=VIBRATION_SENSOR, value=10.0, timestamp=2025-08-18T12:25:00Z}, {alertType=VERY_HIGH_VIBRATION, motorId=MTR-05, sensorType=VIBRATION_SENSOR, value=10.0, timestamp=2025-08-18T12:21:06Z}, {alertType=VERY_HIGH_TEMPERATURE, motorId=MTR-02, sensorType=TEMPERATURE_SENSOR, value=210.0, timestamp=2025-08-17T05:39:17.264Z}, {alertType=HIGH_VIBRATION, motorId=MTR-02, sensorType=VIBRATION_SENSOR, value=3.5, timestamp=2025-08-17T05:39:17.264Z}]}
2025-08-19 09:08:30 INFO  [http-nio-8082-exec-7] o.e.s.controller.MotorController - Received the request to get the daily count of motor notifications
2025-08-19 09:08:30 INFO  [http-nio-8082-exec-3] o.e.s.controller.MotorController - Received the request to get the daily count of motor notifications
2025-08-19 09:08:30 INFO  [http-nio-8082-exec-3] o.e.s.controller.MotorController - motorReqMap: MotorCountRequest(startDateTime=2025-08-18T00:00:00Z, endDateTime=2025-08-18T22:22:18Z, motorList=[])
2025-08-19 09:08:30 INFO  [http-nio-8082-exec-7] o.e.s.controller.MotorController - motorReqMap: MotorCountRequest(startDateTime=2025-08-18T00:00:00Z, endDateTime=2025-08-18T22:22:18Z, motorList=[])
2025-08-19 09:08:30 INFO  [http-nio-8082-exec-3] o.e.s.s.MotorNotificationService - start date: 2025-08-18T00:00:00Z
2025-08-19 09:08:30 INFO  [http-nio-8082-exec-7] o.e.s.s.MotorNotificationService - start date: 2025-08-18T00:00:00Z
2025-08-19 09:08:31 INFO  [http-nio-8082-exec-7] o.e.s.s.MotorNotificationService - dates: [2025-08-18]
2025-08-19 09:08:31 INFO  [http-nio-8082-exec-7] o.e.s.s.MotorNotificationService - series: [{data=[5], name=MTR-01}, {data=[1], name=MTR-02}, {data=[3], name=MTR-03}, {data=[5], name=MTR-04}, {data=[7], name=MTR-05}]
2025-08-19 09:08:31 INFO  [http-nio-8082-exec-3] o.e.s.s.MotorNotificationService - dates: [2025-08-18]
2025-08-19 09:08:31 INFO  [http-nio-8082-exec-7] o.e.s.s.MotorNotificationService - Daily count {series=[{data=[5], name=MTR-01}, {data=[1], name=MTR-02}, {data=[3], name=MTR-03}, {data=[5], name=MTR-04}, {data=[7], name=MTR-05}], categories=[2025-08-18]}
2025-08-19 09:08:31 INFO  [http-nio-8082-exec-3] o.e.s.s.MotorNotificationService - series: [{data=[5], name=MTR-01}, {data=[1], name=MTR-02}, {data=[3], name=MTR-03}, {data=[5], name=MTR-04}, {data=[7], name=MTR-05}]
2025-08-19 09:08:31 INFO  [http-nio-8082-exec-3] o.e.s.s.MotorNotificationService - Daily count {series=[{data=[5], name=MTR-01}, {data=[1], name=MTR-02}, {data=[3], name=MTR-03}, {data=[5], name=MTR-04}, {data=[7], name=MTR-05}], categories=[2025-08-18]}
2025-08-19 09:09:32 INFO  [http-nio-8082-exec-8] o.e.s.controller.MotorController - Received the request to get the daily count of motor notifications
2025-08-19 09:09:32 INFO  [http-nio-8082-exec-8] o.e.s.controller.MotorController - motorReqMap: MotorCountRequest(startDateTime=2025-08-18T17:00:00Z, endDateTime=2025-08-18T22:22:18Z, motorList=[])
2025-08-19 09:09:32 INFO  [http-nio-8082-exec-8] o.e.s.s.MotorNotificationService - start date: 2025-08-18T17:00:00Z
2025-08-19 09:09:33 INFO  [http-nio-8082-exec-8] o.e.s.s.MotorNotificationService - dates: []
2025-08-19 09:09:33 INFO  [http-nio-8082-exec-8] o.e.s.s.MotorNotificationService - series: []
2025-08-19 09:09:33 INFO  [http-nio-8082-exec-8] o.e.s.s.MotorNotificationService - Daily count {series=[], categories=[]}
2025-08-19 09:09:54 INFO  [http-nio-8082-exec-2] o.e.s.controller.MotorController - Received the request to get the daily count of motor notifications
2025-08-19 09:09:54 INFO  [http-nio-8082-exec-2] o.e.s.controller.MotorController - motorReqMap: MotorCountRequest(startDateTime=2025-08-14T17:00:00Z, endDateTime=2025-08-18T22:22:18Z, motorList=[])
2025-08-19 09:09:54 INFO  [http-nio-8082-exec-2] o.e.s.s.MotorNotificationService - start date: 2025-08-14T17:00:00Z
2025-08-19 09:09:54 INFO  [http-nio-8082-exec-2] o.e.s.s.MotorNotificationService - dates: [2025-08-15, 2025-08-16, 2025-08-17, 2025-08-18]
2025-08-19 09:09:54 INFO  [http-nio-8082-exec-2] o.e.s.s.MotorNotificationService - series: [{data=[2, 4, 1, 5], name=MTR-01}, {data=[1, 5, 2, 1], name=MTR-02}, {data=[2, 2, 2, 3], name=MTR-03}, {data=[4, 6, 4, 5], name=MTR-04}, {data=[1, 1, 4, 7], name=MTR-05}]
2025-08-19 09:09:54 INFO  [http-nio-8082-exec-2] o.e.s.s.MotorNotificationService - Daily count {series=[{data=[2, 4, 1, 5], name=MTR-01}, {data=[1, 5, 2, 1], name=MTR-02}, {data=[2, 2, 2, 3], name=MTR-03}, {data=[4, 6, 4, 5], name=MTR-04}, {data=[1, 1, 4, 7], name=MTR-05}], categories=[2025-08-15, 2025-08-16, 2025-08-17, 2025-08-18]}
2025-08-19 09:10:17 INFO  [http-nio-8082-exec-10] o.e.s.controller.MotorController - Received the request to get the daily count of motor notifications
2025-08-19 09:10:17 INFO  [http-nio-8082-exec-10] o.e.s.controller.MotorController - motorReqMap: MotorCountRequest(startDateTime=2025-08-18T17:00:00Z, endDateTime=2025-08-18T22:22:18Z, motorList=[])
2025-08-19 09:10:17 INFO  [http-nio-8082-exec-10] o.e.s.s.MotorNotificationService - start date: 2025-08-18T17:00:00Z
2025-08-19 09:10:17 INFO  [http-nio-8082-exec-10] o.e.s.s.MotorNotificationService - dates: []
2025-08-19 09:10:17 INFO  [http-nio-8082-exec-10] o.e.s.s.MotorNotificationService - series: []
2025-08-19 09:10:17 INFO  [http-nio-8082-exec-10] o.e.s.s.MotorNotificationService - Daily count {series=[], categories=[]}
2025-08-19 09:10:58 INFO  [http-nio-8082-exec-4] o.e.s.controller.MotorController - Received the request to get the daily count of motor notifications
2025-08-19 09:10:58 INFO  [http-nio-8082-exec-4] o.e.s.controller.MotorController - motorReqMap: MotorCountRequest(startDateTime=2025-08-18T16:00:00Z, endDateTime=2025-08-18T22:22:18Z, motorList=[])
2025-08-19 09:10:58 INFO  [http-nio-8082-exec-4] o.e.s.s.MotorNotificationService - start date: 2025-08-18T16:00:00Z
2025-08-19 09:10:58 INFO  [http-nio-8082-exec-4] o.e.s.s.MotorNotificationService - dates: []
2025-08-19 09:10:58 INFO  [http-nio-8082-exec-4] o.e.s.s.MotorNotificationService - series: []
2025-08-19 09:10:58 INFO  [http-nio-8082-exec-4] o.e.s.s.MotorNotificationService - Daily count {series=[], categories=[]}
2025-08-19 09:11:05 INFO  [clientInboundChannel-358] o.e.s.controller.WsInitController - Received the request to retrieve the motor notifications snapshot
2025-08-19 09:11:05 INFO  [clientInboundChannel-358] o.e.s.service.RedisCacheService - motor data {motorNotifications=[{alertType=VERY_HIGH_VIBRATION, motorId=MTR-03, sensorType=VIBRATION_SENSOR, value=11.0, timestamp=2025-08-19T01:08:10Z}, {alertType=HIGH_TEMPERATURE, motorId=MTR-03, sensorType=TEMPERATURE_SENSOR, value=109.0, timestamp=2025-08-19T01:08:10Z}, {alertType=VERY_HIGH_VIBRATION, motorId=MTR-01, sensorType=VIBRATION_SENSOR, value=11.0, timestamp=2025-08-18T12:37:11Z}, {alertType=VERY_HIGH_VIBRATION, motorId=MTR-04, sensorType=VIBRATION_SENSOR, value=10.0, timestamp=2025-08-18T12:25:00Z}, {alertType=VERY_HIGH_VIBRATION, motorId=MTR-05, sensorType=VIBRATION_SENSOR, value=10.0, timestamp=2025-08-18T12:21:06Z}, {alertType=VERY_HIGH_TEMPERATURE, motorId=MTR-02, sensorType=TEMPERATURE_SENSOR, value=210.0, timestamp=2025-08-17T05:39:17.264Z}, {alertType=HIGH_VIBRATION, motorId=MTR-02, sensorType=VIBRATION_SENSOR, value=3.5, timestamp=2025-08-17T05:39:17.264Z}]}
2025-08-19 09:11:08 INFO  [http-nio-8082-exec-1] o.e.s.controller.MotorController - Received the request to get the daily count of motor notifications
2025-08-19 09:11:08 INFO  [http-nio-8082-exec-1] o.e.s.controller.MotorController - motorReqMap: MotorCountRequest(startDateTime=2025-08-19T00:00:00Z, endDateTime=2025-08-19T09:11:04Z, motorList=[])
2025-08-19 09:11:08 INFO  [http-nio-8082-exec-1] o.e.s.s.MotorNotificationService - start date: 2025-08-19T00:00:00Z
2025-08-19 09:11:08 INFO  [http-nio-8082-exec-1] o.e.s.s.MotorNotificationService - dates: [2025-08-19]
2025-08-19 09:11:08 INFO  [http-nio-8082-exec-1] o.e.s.s.MotorNotificationService - series: [{data=[2], name=MTR-03}]
2025-08-19 09:11:08 INFO  [http-nio-8082-exec-1] o.e.s.s.MotorNotificationService - Daily count {series=[{data=[2], name=MTR-03}], categories=[2025-08-19]}
2025-08-19 09:11:08 INFO  [http-nio-8082-exec-8] o.e.s.controller.MotorController - Received the request to get the daily count of motor notifications
2025-08-19 09:11:08 INFO  [http-nio-8082-exec-8] o.e.s.controller.MotorController - motorReqMap: MotorCountRequest(startDateTime=2025-08-19T00:00:00Z, endDateTime=2025-08-19T09:11:04Z, motorList=[])
2025-08-19 09:11:08 INFO  [http-nio-8082-exec-8] o.e.s.s.MotorNotificationService - start date: 2025-08-19T00:00:00Z
2025-08-19 09:11:08 INFO  [http-nio-8082-exec-8] o.e.s.s.MotorNotificationService - dates: [2025-08-19]
2025-08-19 09:11:08 INFO  [http-nio-8082-exec-8] o.e.s.s.MotorNotificationService - series: [{data=[2], name=MTR-03}]
2025-08-19 09:11:08 INFO  [http-nio-8082-exec-8] o.e.s.s.MotorNotificationService - Daily count {series=[{data=[2], name=MTR-03}], categories=[2025-08-19]}
2025-08-19 09:12:15 INFO  [http-nio-8082-exec-6] o.e.s.controller.MotorController - Received the request to get the daily count of motor notifications
2025-08-19 09:12:15 INFO  [http-nio-8082-exec-6] o.e.s.controller.MotorController - motorReqMap: MotorCountRequest(startDateTime=2025-08-19T00:53:00Z, endDateTime=2025-08-19T09:11:04Z, motorList=[])
2025-08-19 09:12:15 INFO  [http-nio-8082-exec-6] o.e.s.s.MotorNotificationService - start date: 2025-08-19T00:53:00Z
2025-08-19 09:12:15 INFO  [http-nio-8082-exec-6] o.e.s.s.MotorNotificationService - dates: [2025-08-19]
2025-08-19 09:12:15 INFO  [http-nio-8082-exec-6] o.e.s.s.MotorNotificationService - series: [{data=[2], name=MTR-03}]
2025-08-19 09:12:15 INFO  [http-nio-8082-exec-6] o.e.s.s.MotorNotificationService - Daily count {series=[{data=[2], name=MTR-03}], categories=[2025-08-19]}
2025-08-19 09:12:29 INFO  [http-nio-8082-exec-3] o.e.s.controller.MotorController - Received the request to get the daily count of motor notifications
2025-08-19 09:12:29 INFO  [http-nio-8082-exec-3] o.e.s.controller.MotorController - motorReqMap: MotorCountRequest(startDateTime=2025-08-18T17:53:00Z, endDateTime=2025-08-19T09:11:04Z, motorList=[])
2025-08-19 09:12:29 INFO  [http-nio-8082-exec-3] o.e.s.s.MotorNotificationService - start date: 2025-08-18T17:53:00Z
2025-08-19 09:12:29 INFO  [http-nio-8082-exec-3] o.e.s.s.MotorNotificationService - dates: [2025-08-19]
2025-08-19 09:12:29 INFO  [http-nio-8082-exec-3] o.e.s.s.MotorNotificationService - series: [{data=[2], name=MTR-03}]
2025-08-19 09:12:29 INFO  [http-nio-8082-exec-3] o.e.s.s.MotorNotificationService - Daily count {series=[{data=[2], name=MTR-03}], categories=[2025-08-19]}
2025-08-19 09:12:44 INFO  [http-nio-8082-exec-7] o.e.s.controller.MotorController - Received the request to get the daily count of motor notifications
2025-08-19 09:12:44 INFO  [http-nio-8082-exec-7] o.e.s.controller.MotorController - motorReqMap: MotorCountRequest(startDateTime=2025-08-11T17:53:00Z, endDateTime=2025-08-19T09:11:04Z, motorList=[])
2025-08-19 09:12:44 INFO  [http-nio-8082-exec-7] o.e.s.s.MotorNotificationService - start date: 2025-08-11T17:53:00Z
2025-08-19 09:12:44 INFO  [http-nio-8082-exec-7] o.e.s.s.MotorNotificationService - dates: [2025-08-15, 2025-08-16, 2025-08-17, 2025-08-18, 2025-08-19]
2025-08-19 09:12:44 INFO  [http-nio-8082-exec-7] o.e.s.s.MotorNotificationService - series: [{data=[2, 4, 1, 5, 0], name=MTR-01}, {data=[1, 5, 2, 1, 0], name=MTR-02}, {data=[2, 2, 2, 3, 2], name=MTR-03}, {data=[4, 6, 4, 5, 0], name=MTR-04}, {data=[1, 1, 4, 7, 0], name=MTR-05}]
2025-08-19 09:12:44 INFO  [http-nio-8082-exec-7] o.e.s.s.MotorNotificationService - Daily count {series=[{data=[2, 4, 1, 5, 0], name=MTR-01}, {data=[1, 5, 2, 1, 0], name=MTR-02}, {data=[2, 2, 2, 3, 2], name=MTR-03}, {data=[4, 6, 4, 5, 0], name=MTR-04}, {data=[1, 1, 4, 7, 0], name=MTR-05}], categories=[2025-08-15, 2025-08-16, 2025-08-17, 2025-08-18, 2025-08-19]}
2025-08-19 09:14:01 INFO  [MessageBroker-6] o.s.w.s.c.WebSocketMessageBrokerStats - WebSocketSession[0 current WS(0)-HttpStream(0)-HttpPoll(0), 23 total, 0 closed abnormally (0 connect failure, 0 send limit, 3 transport error)], stompSubProtocol[processed CONNECT(23)-CONNECTED(23)-DISCONNECT(18)], stompBrokerRelay[null], inboundChannel[pool size = 0, active threads = 0, queued tasks = 0, completed tasks = 399], outboundChannel[pool size = 0, active threads = 0, queued tasks = 0, completed tasks = 110], sockJsScheduler[pool size = 12, active threads = 1, queued tasks = 1, completed tasks = 13888]
